<?xml version="1.0" encoding="UTF-8"?>
<!-- Generated by org.testng.reporters.JUnitXMLReporter -->
<testsuite ignored="0" hostname="LAPTOP-1VCI3F8D" failures="0" tests="4" name="Test" time="23.688" errors="0" timestamp="2023-03-19T20:42:23 IST">
  <testcase classname="Testing.Practisetestng" name="TestB" time="0.012"/>
  <testcase classname="Testing.Practisetestng" name="TestC" time="0.003"/>
  <testcase classname="Testing.Practisetestng" name="TestA" time="0.002"/>
  <testcase classname="Testing.ValidationClass" name="Teacher" time="5.529"/>
</testsuite> <!-- Test -->
